[1.228s] Invoking command in '/workspace/module3_ros2': PYTHONPATH=/workspace/build/module3_ros2/prefix_override:/usr/lib/python3/dist-packages/colcon_core/task/python/colcon_distutils_commands:/workspace/install/module3_ros2/lib/python3.10/site-packages:${PYTHONPATH} /usr/bin/python3 -W ignore:setup.py install is deprecated -W ignore:easy_install command is deprecated setup.py egg_info --egg-base ../build/module3_ros2 build --build-base /workspace/build/module3_ros2/build install --record /workspace/build/module3_ros2/install.log --single-version-externally-managed install_data
[1.661s] running egg_info
[1.663s] writing ../build/module3_ros2/module3_ros2.egg-info/PKG-INFO
[1.664s] writing dependency_links to ../build/module3_ros2/module3_ros2.egg-info/dependency_links.txt
[1.665s] writing entry points to ../build/module3_ros2/module3_ros2.egg-info/entry_points.txt
[1.665s] writing requirements to ../build/module3_ros2/module3_ros2.egg-info/requires.txt
[1.665s] writing top-level names to ../build/module3_ros2/module3_ros2.egg-info/top_level.txt
[1.669s] reading manifest file '../build/module3_ros2/module3_ros2.egg-info/SOURCES.txt'
[1.672s] writing manifest file '../build/module3_ros2/module3_ros2.egg-info/SOURCES.txt'
[1.672s] running build
[1.672s] running build_py
[1.673s] copying module3_ros2/inference_pb2_grpc.py -> /workspace/build/module3_ros2/build/lib/module3_ros2
[1.675s] running install
[1.676s] running install_lib
[1.678s] copying /workspace/build/module3_ros2/build/lib/module3_ros2/inference_pb2_grpc.py -> /workspace/install/module3_ros2/lib/python3.10/site-packages/module3_ros2
[1.680s] byte-compiling /workspace/install/module3_ros2/lib/python3.10/site-packages/module3_ros2/inference_pb2_grpc.py to inference_pb2_grpc.cpython-310.pyc
[1.681s] running install_data
[1.682s] running install_egg_info
[1.685s] removing '/workspace/install/module3_ros2/lib/python3.10/site-packages/module3_ros2-0.1.0-py3.10.egg-info' (and everything under it)
[1.685s] Copying ../build/module3_ros2/module3_ros2.egg-info to /workspace/install/module3_ros2/lib/python3.10/site-packages/module3_ros2-0.1.0-py3.10.egg-info
[1.688s] running install_scripts
[1.720s] Installing fleet_manager script to /workspace/install/module3_ros2/lib/module3_ros2
[1.721s] Installing obstacle_avoider script to /workspace/install/module3_ros2/lib/module3_ros2
[1.721s] Installing robot_node script to /workspace/install/module3_ros2/lib/module3_ros2
[1.722s] writing list of installed files to '/workspace/build/module3_ros2/install.log'
[1.755s] Invoked command in '/workspace/module3_ros2' returned '0': PYTHONPATH=/workspace/build/module3_ros2/prefix_override:/usr/lib/python3/dist-packages/colcon_core/task/python/colcon_distutils_commands:/workspace/install/module3_ros2/lib/python3.10/site-packages:${PYTHONPATH} /usr/bin/python3 -W ignore:setup.py install is deprecated -W ignore:easy_install command is deprecated setup.py egg_info --egg-base ../build/module3_ros2 build --build-base /workspace/build/module3_ros2/build install --record /workspace/build/module3_ros2/install.log --single-version-externally-managed install_data
