[0.000000] (-) TimerEvent: {}
[0.000464] (-) JobUnselected: {'identifier': 'module1_inference'}
[0.000531] (-) JobUnselected: {'identifier': 'module2_middleware'}
[0.000588] (module3_ros2) JobQueued: {'identifier': 'module3_ros2', 'dependencies': OrderedDict()}
[0.001600] (module3_ros2) JobStarted: {'identifier': 'module3_ros2'}
[0.099562] (-) TimerEvent: {}
[0.200256] (-) TimerEvent: {}
[0.300922] (-) TimerEvent: {}
[0.401283] (-) TimerEvent: {}
[0.501711] (-) TimerEvent: {}
[0.602109] (-) TimerEvent: {}
[0.666643] (module3_ros2) Command: {'cmd': ['/usr/bin/python3', '-W', 'ignore:setup.py install is deprecated', '-W', 'ignore:easy_install command is deprecated', 'setup.py', 'egg_info', '--egg-base', '../build/module3_ros2', 'build', '--build-base', '/workspace/build/module3_ros2/build', 'install', '--record', '/workspace/build/module3_ros2/install.log', '--single-version-externally-managed', 'install_data'], 'cwd': '/workspace/module3_ros2', 'env': {'HOSTNAME': '3d6e117987de', 'SHLVL': '1', 'LD_LIBRARY_PATH': '/usr/lib/x86_64-linux-gnu/gazebo-11/plugins:/opt/ros/humble/opt/rviz_ogre_vendor/lib:/opt/ros/humble/lib/x86_64-linux-gnu:/opt/ros/humble/lib', 'HOME': '/root', 'OLDPWD': '/', 'ROS_PYTHON_VERSION': '3', 'WAYLAND_DISPLAY': 'wayland-0', 'ROS_DISTRO': 'humble', '_': '/usr/bin/colcon', 'ROS_VERSION': '2', 'ROS_LOCALHOST_ONLY': '0', 'PATH': '/opt/ros/humble/bin:/usr/local/sbin:/usr/local/bin:/usr/sbin:/usr/bin:/sbin:/bin', 'DISPLAY': ':0', 'LANG': 'C.UTF-8', 'AMENT_PREFIX_PATH': '/opt/ros/humble', 'PWD': '/workspace/build/module3_ros2', 'LC_ALL': 'C.UTF-8', 'PYTHONPATH': '/workspace/build/module3_ros2/prefix_override:/usr/lib/python3/dist-packages/colcon_core/task/python/colcon_distutils_commands:/workspace/install/module3_ros2/lib/python3.10/site-packages:/opt/ros/humble/lib/python3.10/site-packages:/opt/ros/humble/local/lib/python3.10/dist-packages', 'COLCON': '1'}, 'shell': False}
[0.702415] (-) TimerEvent: {}
[0.802816] (-) TimerEvent: {}
[0.878997] (module3_ros2) StdoutLine: {'line': b'running egg_info\n'}
[0.879775] (module3_ros2) StdoutLine: {'line': b'writing ../build/module3_ros2/module3_ros2.egg-info/PKG-INFO\n'}
[0.880131] (module3_ros2) StdoutLine: {'line': b'writing dependency_links to ../build/module3_ros2/module3_ros2.egg-info/dependency_links.txt\n'}
[0.880260] (module3_ros2) StdoutLine: {'line': b'writing entry points to ../build/module3_ros2/module3_ros2.egg-info/entry_points.txt\n'}
[0.880496] (module3_ros2) StdoutLine: {'line': b'writing requirements to ../build/module3_ros2/module3_ros2.egg-info/requires.txt\n'}
[0.880595] (module3_ros2) StdoutLine: {'line': b'writing top-level names to ../build/module3_ros2/module3_ros2.egg-info/top_level.txt\n'}
[0.882282] (module3_ros2) StdoutLine: {'line': b"reading manifest file '../build/module3_ros2/module3_ros2.egg-info/SOURCES.txt'\n"}
[0.883191] (module3_ros2) StdoutLine: {'line': b"writing manifest file '../build/module3_ros2/module3_ros2.egg-info/SOURCES.txt'\n"}
[0.883323] (module3_ros2) StdoutLine: {'line': b'running build\n'}
[0.883375] (module3_ros2) StdoutLine: {'line': b'running build_py\n'}
[0.883665] (module3_ros2) StdoutLine: {'line': b'copying module3_ros2/inference_pb2_grpc.py -> /workspace/build/module3_ros2/build/lib/module3_ros2\n'}
[0.884002] (module3_ros2) StdoutLine: {'line': b'running install\n'}
[0.884379] (module3_ros2) StdoutLine: {'line': b'running install_lib\n'}
[0.885413] (module3_ros2) StdoutLine: {'line': b'copying /workspace/build/module3_ros2/build/lib/module3_ros2/inference_pb2_grpc.py -> /workspace/install/module3_ros2/lib/python3.10/site-packages/module3_ros2\n'}
[0.886001] (module3_ros2) StdoutLine: {'line': b'byte-compiling /workspace/install/module3_ros2/lib/python3.10/site-packages/module3_ros2/inference_pb2_grpc.py to inference_pb2_grpc.cpython-310.pyc\n'}
[0.887012] (module3_ros2) StdoutLine: {'line': b'running install_data\n'}
[0.887179] (module3_ros2) StdoutLine: {'line': b'copying worlds/obstacle_world.world -> /workspace/install/module3_ros2/share/module3_ros2/worlds\n'}
[0.887445] (module3_ros2) StdoutLine: {'line': b'running install_egg_info\n'}
[0.889339] (module3_ros2) StdoutLine: {'line': b"removing '/workspace/install/module3_ros2/lib/python3.10/site-packages/module3_ros2-0.1.0-py3.10.egg-info' (and everything under it)\n"}
[0.889620] (module3_ros2) StdoutLine: {'line': b'Copying ../build/module3_ros2/module3_ros2.egg-info to /workspace/install/module3_ros2/lib/python3.10/site-packages/module3_ros2-0.1.0-py3.10.egg-info\n'}
[0.890643] (module3_ros2) StdoutLine: {'line': b'running install_scripts\n'}
[0.903040] (-) TimerEvent: {}
[0.915953] (module3_ros2) StdoutLine: {'line': b'Installing fleet_manager script to /workspace/install/module3_ros2/lib/module3_ros2\n'}
[0.916580] (module3_ros2) StdoutLine: {'line': b'Installing obstacle_avoider script to /workspace/install/module3_ros2/lib/module3_ros2\n'}
[0.916761] (module3_ros2) StdoutLine: {'line': b'Installing robot_node script to /workspace/install/module3_ros2/lib/module3_ros2\n'}
[0.916817] (module3_ros2) StdoutLine: {'line': b"writing list of installed files to '/workspace/build/module3_ros2/install.log'\n"}
[0.937153] (module3_ros2) CommandEnded: {'returncode': 0}
[0.946905] (module3_ros2) JobEnded: {'identifier': 'module3_ros2', 'rc': 0}
[0.947925] (-) EventReactorShutdown: {}
