running egg_info
writing ../build/module3_ros2/module3_ros2.egg-info/PKG-INFO
writing dependency_links to ../build/module3_ros2/module3_ros2.egg-info/dependency_links.txt
writing entry points to ../build/module3_ros2/module3_ros2.egg-info/entry_points.txt
writing requirements to ../build/module3_ros2/module3_ros2.egg-info/requires.txt
writing top-level names to ../build/module3_ros2/module3_ros2.egg-info/top_level.txt
reading manifest file '../build/module3_ros2/module3_ros2.egg-info/SOURCES.txt'
writing manifest file '../build/module3_ros2/module3_ros2.egg-info/SOURCES.txt'
running build
running build_py
creating /workspace/build/module3_ros2/build
creating /workspace/build/module3_ros2/build/lib
creating /workspace/build/module3_ros2/build/lib/module3_ros2
copying module3_ros2/obstacle_avoider.py -> /workspace/build/module3_ros2/build/lib/module3_ros2
copying module3_ros2/fleet_manager.py -> /workspace/build/module3_ros2/build/lib/module3_ros2
copying module3_ros2/robot_node.py -> /workspace/build/module3_ros2/build/lib/module3_ros2
copying module3_ros2/inference_pb2.py -> /workspace/build/module3_ros2/build/lib/module3_ros2
copying module3_ros2/grpc_client.py -> /workspace/build/module3_ros2/build/lib/module3_ros2
copying module3_ros2/__init__.py -> /workspace/build/module3_ros2/build/lib/module3_ros2
copying module3_ros2/inference_pb2_grpc.py -> /workspace/build/module3_ros2/build/lib/module3_ros2
running install
running install_lib
creating /workspace/install/module3_ros2/lib/python3.10/site-packages/module3_ros2
copying /workspace/build/module3_ros2/build/lib/module3_ros2/obstacle_avoider.py -> /workspace/install/module3_ros2/lib/python3.10/site-packages/module3_ros2
copying /workspace/build/module3_ros2/build/lib/module3_ros2/fleet_manager.py -> /workspace/install/module3_ros2/lib/python3.10/site-packages/module3_ros2
copying /workspace/build/module3_ros2/build/lib/module3_ros2/robot_node.py -> /workspace/install/module3_ros2/lib/python3.10/site-packages/module3_ros2
copying /workspace/build/module3_ros2/build/lib/module3_ros2/inference_pb2.py -> /workspace/install/module3_ros2/lib/python3.10/site-packages/module3_ros2
copying /workspace/build/module3_ros2/build/lib/module3_ros2/grpc_client.py -> /workspace/install/module3_ros2/lib/python3.10/site-packages/module3_ros2
copying /workspace/build/module3_ros2/build/lib/module3_ros2/__init__.py -> /workspace/install/module3_ros2/lib/python3.10/site-packages/module3_ros2
copying /workspace/build/module3_ros2/build/lib/module3_ros2/inference_pb2_grpc.py -> /workspace/install/module3_ros2/lib/python3.10/site-packages/module3_ros2
byte-compiling /workspace/install/module3_ros2/lib/python3.10/site-packages/module3_ros2/obstacle_avoider.py to obstacle_avoider.cpython-310.pyc
byte-compiling /workspace/install/module3_ros2/lib/python3.10/site-packages/module3_ros2/fleet_manager.py to fleet_manager.cpython-310.pyc
byte-compiling /workspace/install/module3_ros2/lib/python3.10/site-packages/module3_ros2/robot_node.py to robot_node.cpython-310.pyc
byte-compiling /workspace/install/module3_ros2/lib/python3.10/site-packages/module3_ros2/inference_pb2.py to inference_pb2.cpython-310.pyc
byte-compiling /workspace/install/module3_ros2/lib/python3.10/site-packages/module3_ros2/grpc_client.py to grpc_client.cpython-310.pyc
byte-compiling /workspace/install/module3_ros2/lib/python3.10/site-packages/module3_ros2/__init__.py to __init__.cpython-310.pyc
byte-compiling /workspace/install/module3_ros2/lib/python3.10/site-packages/module3_ros2/inference_pb2_grpc.py to inference_pb2_grpc.cpython-310.pyc
running install_data
creating /workspace/install/module3_ros2/share/ament_index
creating /workspace/install/module3_ros2/share/ament_index/resource_index
creating /workspace/install/module3_ros2/share/ament_index/resource_index/packages
copying resource/module3_ros2 -> /workspace/install/module3_ros2/share/ament_index/resource_index/packages
copying package.xml -> /workspace/install/module3_ros2/share/module3_ros2
creating /workspace/install/module3_ros2/share/module3_ros2/launch
copying launch/simulation.launch.py -> /workspace/install/module3_ros2/share/module3_ros2/launch
creating /workspace/install/module3_ros2/share/module3_ros2/worlds
copying worlds/obstacle_world.world -> /workspace/install/module3_ros2/share/module3_ros2/worlds
running install_egg_info
Copying ../build/module3_ros2/module3_ros2.egg-info to /workspace/install/module3_ros2/lib/python3.10/site-packages/module3_ros2-0.1.0-py3.10.egg-info
running install_scripts
Installing fleet_manager script to /workspace/install/module3_ros2/lib/module3_ros2
Installing obstacle_avoider script to /workspace/install/module3_ros2/lib/module3_ros2
Installing robot_node script to /workspace/install/module3_ros2/lib/module3_ros2
writing list of installed files to '/workspace/build/module3_ros2/install.log'
