[0.000000] (-) TimerEvent: {}
[0.000365] (-) JobUnselected: {'identifier': 'module1_inference'}
[0.000751] (-) JobUnselected: {'identifier': 'module2_middleware'}
[0.000808] (module3_ros2) JobQueued: {'identifier': 'module3_ros2', 'dependencies': OrderedDict()}
[0.000852] (module3_ros2) JobStarted: {'identifier': 'module3_ros2'}
[0.099764] (-) TimerEvent: {}
[0.200164] (-) TimerEvent: {}
[0.300555] (-) TimerEvent: {}
[0.401208] (-) TimerEvent: {}
[0.502366] (-) TimerEvent: {}
[0.603186] (-) TimerEvent: {}
[0.703637] (-) TimerEvent: {}
[0.804056] (-) TimerEvent: {}
[0.876411] (module3_ros2) Command: {'cmd': ['/usr/bin/python3', '-W', 'ignore:setup.py install is deprecated', '-W', 'ignore:easy_install command is deprecated', 'setup.py', 'egg_info', '--egg-base', '../build/module3_ros2', 'build', '--build-base', '/workspace/build/module3_ros2/build', 'install', '--record', '/workspace/build/module3_ros2/install.log', '--single-version-externally-managed', 'install_data'], 'cwd': '/workspace/module3_ros2', 'env': {'HOSTNAME': '49cb00b9f55f', 'SHLVL': '1', 'LD_LIBRARY_PATH': '/usr/lib/x86_64-linux-gnu/gazebo-11/plugins:/opt/ros/humble/opt/rviz_ogre_vendor/lib:/opt/ros/humble/lib/x86_64-linux-gnu:/opt/ros/humble/lib', 'HOME': '/root', 'OLDPWD': '/', 'ROS_PYTHON_VERSION': '3', 'WAYLAND_DISPLAY': 'wayland-0', 'ROS_DISTRO': 'humble', '_': '/usr/bin/colcon', 'ROS_VERSION': '2', 'ROS_LOCALHOST_ONLY': '0', 'PATH': '/opt/ros/humble/bin:/usr/local/sbin:/usr/local/bin:/usr/sbin:/usr/bin:/sbin:/bin', 'DISPLAY': ':0', 'LANG': 'C.UTF-8', 'AMENT_PREFIX_PATH': '/opt/ros/humble', 'PWD': '/workspace/build/module3_ros2', 'LC_ALL': 'C.UTF-8', 'PYTHONPATH': '/workspace/build/module3_ros2/prefix_override:/usr/lib/python3/dist-packages/colcon_core/task/python/colcon_distutils_commands:/workspace/install/module3_ros2/lib/python3.10/site-packages:/opt/ros/humble/lib/python3.10/site-packages:/opt/ros/humble/local/lib/python3.10/dist-packages', 'COLCON': '1'}, 'shell': False}
[0.904346] (-) TimerEvent: {}
[1.004888] (-) TimerEvent: {}
[1.105456] (-) TimerEvent: {}
[1.206074] (-) TimerEvent: {}
[1.306589] (-) TimerEvent: {}
[1.338229] (module3_ros2) StdoutLine: {'line': b'running egg_info\n'}
[1.338893] (module3_ros2) StdoutLine: {'line': b'writing ../build/module3_ros2/module3_ros2.egg-info/PKG-INFO\n'}
[1.339335] (module3_ros2) StdoutLine: {'line': b'writing dependency_links to ../build/module3_ros2/module3_ros2.egg-info/dependency_links.txt\n'}
[1.339897] (module3_ros2) StdoutLine: {'line': b'writing entry points to ../build/module3_ros2/module3_ros2.egg-info/entry_points.txt\n'}
[1.340116] (module3_ros2) StdoutLine: {'line': b'writing requirements to ../build/module3_ros2/module3_ros2.egg-info/requires.txt\n'}
[1.340213] (module3_ros2) StdoutLine: {'line': b'writing top-level names to ../build/module3_ros2/module3_ros2.egg-info/top_level.txt\n'}
[1.343222] (module3_ros2) StdoutLine: {'line': b"reading manifest file '../build/module3_ros2/module3_ros2.egg-info/SOURCES.txt'\n"}
[1.344445] (module3_ros2) StdoutLine: {'line': b"writing manifest file '../build/module3_ros2/module3_ros2.egg-info/SOURCES.txt'\n"}
[1.344650] (module3_ros2) StdoutLine: {'line': b'running build\n'}
[1.345030] (module3_ros2) StdoutLine: {'line': b'running build_py\n'}
[1.345132] (module3_ros2) StdoutLine: {'line': b'copying module3_ros2/obstacle_avoider.py -> /workspace/build/module3_ros2/build/lib/module3_ros2\n'}
[1.345820] (module3_ros2) StdoutLine: {'line': b'copying module3_ros2/inference_pb2_grpc.py -> /workspace/build/module3_ros2/build/lib/module3_ros2\n'}
[1.346268] (module3_ros2) StdoutLine: {'line': b'running install\n'}
[1.346758] (module3_ros2) StdoutLine: {'line': b'running install_lib\n'}
[1.347755] (module3_ros2) StdoutLine: {'line': b'copying /workspace/build/module3_ros2/build/lib/module3_ros2/obstacle_avoider.py -> /workspace/install/module3_ros2/lib/python3.10/site-packages/module3_ros2\n'}
[1.348221] (module3_ros2) StdoutLine: {'line': b'copying /workspace/build/module3_ros2/build/lib/module3_ros2/inference_pb2_grpc.py -> /workspace/install/module3_ros2/lib/python3.10/site-packages/module3_ros2\n'}
[1.349062] (module3_ros2) StdoutLine: {'line': b'byte-compiling /workspace/install/module3_ros2/lib/python3.10/site-packages/module3_ros2/obstacle_avoider.py to obstacle_avoider.cpython-310.pyc\n'}
[1.350663] (module3_ros2) StdoutLine: {'line': b'byte-compiling /workspace/install/module3_ros2/lib/python3.10/site-packages/module3_ros2/inference_pb2_grpc.py to inference_pb2_grpc.cpython-310.pyc\n'}
[1.351614] (module3_ros2) StdoutLine: {'line': b'running install_data\n'}
[1.351887] (module3_ros2) StdoutLine: {'line': b'running install_egg_info\n'}
[1.354560] (module3_ros2) StdoutLine: {'line': b"removing '/workspace/install/module3_ros2/lib/python3.10/site-packages/module3_ros2-0.1.0-py3.10.egg-info' (and everything under it)\n"}
[1.355088] (module3_ros2) StdoutLine: {'line': b'Copying ../build/module3_ros2/module3_ros2.egg-info to /workspace/install/module3_ros2/lib/python3.10/site-packages/module3_ros2-0.1.0-py3.10.egg-info\n'}
[1.356330] (module3_ros2) StdoutLine: {'line': b'running install_scripts\n'}
[1.385993] (module3_ros2) StdoutLine: {'line': b'Installing fleet_manager script to /workspace/install/module3_ros2/lib/module3_ros2\n'}
[1.386463] (module3_ros2) StdoutLine: {'line': b'Installing obstacle_avoider script to /workspace/install/module3_ros2/lib/module3_ros2\n'}
[1.386592] (module3_ros2) StdoutLine: {'line': b'Installing robot_node script to /workspace/install/module3_ros2/lib/module3_ros2\n'}
[1.387142] (module3_ros2) StdoutLine: {'line': b"writing list of installed files to '/workspace/build/module3_ros2/install.log'\n"}
[1.406858] (-) TimerEvent: {}
[1.421509] (module3_ros2) CommandEnded: {'returncode': 0}
[1.437692] (module3_ros2) JobEnded: {'identifier': 'module3_ros2', 'rc': 0}
[1.438791] (-) EventReactorShutdown: {}
