running egg_info
writing ../build/module3_ros2/module3_ros2.egg-info/PKG-INFO
writing dependency_links to ../build/module3_ros2/module3_ros2.egg-info/dependency_links.txt
writing entry points to ../build/module3_ros2/module3_ros2.egg-info/entry_points.txt
writing requirements to ../build/module3_ros2/module3_ros2.egg-info/requires.txt
writing top-level names to ../build/module3_ros2/module3_ros2.egg-info/top_level.txt
reading manifest file '../build/module3_ros2/module3_ros2.egg-info/SOURCES.txt'
writing manifest file '../build/module3_ros2/module3_ros2.egg-info/SOURCES.txt'
running build
running build_py
copying module3_ros2/inference_pb2.py -> /workspace/build/module3_ros2/build/lib/module3_ros2
copying module3_ros2/inference_pb2_grpc.py -> /workspace/build/module3_ros2/build/lib/module3_ros2
running install
running install_lib
copying /workspace/build/module3_ros2/build/lib/module3_ros2/inference_pb2.py -> /workspace/install/module3_ros2/lib/python3.10/site-packages/module3_ros2
copying /workspace/build/module3_ros2/build/lib/module3_ros2/inference_pb2_grpc.py -> /workspace/install/module3_ros2/lib/python3.10/site-packages/module3_ros2
byte-compiling /workspace/install/module3_ros2/lib/python3.10/site-packages/module3_ros2/inference_pb2.py to inference_pb2.cpython-310.pyc
byte-compiling /workspace/install/module3_ros2/lib/python3.10/site-packages/module3_ros2/inference_pb2_grpc.py to inference_pb2_grpc.cpython-310.pyc
running install_data
copying launch/simulation.launch.py -> /workspace/install/module3_ros2/share/module3_ros2/launch
copying worlds/obstacle_world.world -> /workspace/install/module3_ros2/share/module3_ros2/worlds
running install_egg_info
removing '/workspace/install/module3_ros2/lib/python3.10/site-packages/module3_ros2-0.1.0-py3.10.egg-info' (and everything under it)
Copying ../build/module3_ros2/module3_ros2.egg-info to /workspace/install/module3_ros2/lib/python3.10/site-packages/module3_ros2-0.1.0-py3.10.egg-info
running install_scripts
Installing fleet_manager script to /workspace/install/module3_ros2/lib/module3_ros2
Installing obstacle_avoider script to /workspace/install/module3_ros2/lib/module3_ros2
Installing robot_node script to /workspace/install/module3_ros2/lib/module3_ros2
writing list of installed files to '/workspace/build/module3_ros2/install.log'
