[0.000000] (-) TimerEvent: {}
[0.000154] (-) JobUnselected: {'identifier': 'module1_inference'}
[0.000273] (-) JobUnselected: {'identifier': 'module2_middleware'}
[0.000354] (module3_ros2) JobQueued: {'identifier': 'module3_ros2', 'dependencies': OrderedDict()}
[0.001009] (module3_ros2) JobStarted: {'identifier': 'module3_ros2'}
[0.099126] (-) TimerEvent: {}
[0.199436] (-) TimerEvent: {}
[0.299776] (-) TimerEvent: {}
[0.400196] (-) TimerEvent: {}
[0.500689] (-) TimerEvent: {}
[0.601110] (-) TimerEvent: {}
[0.701559] (-) TimerEvent: {}
[0.728391] (module3_ros2) Command: {'cmd': ['/usr/bin/python3', '-W', 'ignore:setup.py install is deprecated', '-W', 'ignore:easy_install command is deprecated', 'setup.py', 'egg_info', '--egg-base', '../build/module3_ros2', 'build', '--build-base', '/workspace/build/module3_ros2/build', 'install', '--record', '/workspace/build/module3_ros2/install.log', '--single-version-externally-managed', 'install_data'], 'cwd': '/workspace/module3_ros2', 'env': {'HOSTNAME': '34ec3d260352', 'SHLVL': '1', 'LD_LIBRARY_PATH': '/usr/lib/x86_64-linux-gnu/gazebo-11/plugins:/opt/ros/humble/opt/rviz_ogre_vendor/lib:/opt/ros/humble/lib/x86_64-linux-gnu:/opt/ros/humble/lib', 'HOME': '/root', 'OLDPWD': '/', 'ROS_PYTHON_VERSION': '3', 'WAYLAND_DISPLAY': 'wayland-0', 'ROS_DISTRO': 'humble', '_': '/usr/bin/colcon', 'ROS_VERSION': '2', 'ROS_LOCALHOST_ONLY': '0', 'PATH': '/opt/ros/humble/bin:/usr/local/sbin:/usr/local/bin:/usr/sbin:/usr/bin:/sbin:/bin', 'DISPLAY': ':0', 'LANG': 'C.UTF-8', 'AMENT_PREFIX_PATH': '/opt/ros/humble', 'PWD': '/workspace/build/module3_ros2', 'LC_ALL': 'C.UTF-8', 'PYTHONPATH': '/workspace/build/module3_ros2/prefix_override:/usr/lib/python3/dist-packages/colcon_core/task/python/colcon_distutils_commands:/workspace/install/module3_ros2/lib/python3.10/site-packages:/opt/ros/humble/lib/python3.10/site-packages:/opt/ros/humble/local/lib/python3.10/dist-packages', 'COLCON': '1'}, 'shell': False}
[0.801860] (-) TimerEvent: {}
[0.902186] (-) TimerEvent: {}
[0.967376] (module3_ros2) StdoutLine: {'line': b'running egg_info\n'}
[0.967949] (module3_ros2) StdoutLine: {'line': b'writing ../build/module3_ros2/module3_ros2.egg-info/PKG-INFO\n'}
[0.968433] (module3_ros2) StdoutLine: {'line': b'writing dependency_links to ../build/module3_ros2/module3_ros2.egg-info/dependency_links.txt\n'}
[0.968826] (module3_ros2) StdoutLine: {'line': b'writing entry points to ../build/module3_ros2/module3_ros2.egg-info/entry_points.txt\n'}
[0.968912] (module3_ros2) StdoutLine: {'line': b'writing requirements to ../build/module3_ros2/module3_ros2.egg-info/requires.txt\n'}
[0.968967] (module3_ros2) StdoutLine: {'line': b'writing top-level names to ../build/module3_ros2/module3_ros2.egg-info/top_level.txt\n'}
[0.970294] (module3_ros2) StdoutLine: {'line': b"reading manifest file '../build/module3_ros2/module3_ros2.egg-info/SOURCES.txt'\n"}
[0.971277] (module3_ros2) StdoutLine: {'line': b"writing manifest file '../build/module3_ros2/module3_ros2.egg-info/SOURCES.txt'\n"}
[0.971441] (module3_ros2) StdoutLine: {'line': b'running build\n'}
[0.971575] (module3_ros2) StdoutLine: {'line': b'running build_py\n'}
[0.971928] (module3_ros2) StdoutLine: {'line': b'copying module3_ros2/inference_pb2.py -> /workspace/build/module3_ros2/build/lib/module3_ros2\n'}
[0.971996] (module3_ros2) StdoutLine: {'line': b'copying module3_ros2/inference_pb2_grpc.py -> /workspace/build/module3_ros2/build/lib/module3_ros2\n'}
[0.972048] (module3_ros2) StdoutLine: {'line': b'running install\n'}
[0.972319] (module3_ros2) StdoutLine: {'line': b'running install_lib\n'}
[0.973104] (module3_ros2) StdoutLine: {'line': b'copying /workspace/build/module3_ros2/build/lib/module3_ros2/inference_pb2.py -> /workspace/install/module3_ros2/lib/python3.10/site-packages/module3_ros2\n'}
[0.973386] (module3_ros2) StdoutLine: {'line': b'copying /workspace/build/module3_ros2/build/lib/module3_ros2/inference_pb2_grpc.py -> /workspace/install/module3_ros2/lib/python3.10/site-packages/module3_ros2\n'}
[0.974508] (module3_ros2) StdoutLine: {'line': b'byte-compiling /workspace/install/module3_ros2/lib/python3.10/site-packages/module3_ros2/inference_pb2.py to inference_pb2.cpython-310.pyc\n'}
[0.975338] (module3_ros2) StdoutLine: {'line': b'byte-compiling /workspace/install/module3_ros2/lib/python3.10/site-packages/module3_ros2/inference_pb2_grpc.py to inference_pb2_grpc.cpython-310.pyc\n'}
[0.976974] (module3_ros2) StdoutLine: {'line': b'running install_data\n'}
[0.977284] (module3_ros2) StdoutLine: {'line': b'running install_egg_info\n'}
[0.979625] (module3_ros2) StdoutLine: {'line': b"removing '/workspace/install/module3_ros2/lib/python3.10/site-packages/module3_ros2-0.1.0-py3.10.egg-info' (and everything under it)\n"}
[0.980195] (module3_ros2) StdoutLine: {'line': b'Copying ../build/module3_ros2/module3_ros2.egg-info to /workspace/install/module3_ros2/lib/python3.10/site-packages/module3_ros2-0.1.0-py3.10.egg-info\n'}
[0.981333] (module3_ros2) StdoutLine: {'line': b'running install_scripts\n'}
[1.002739] (module3_ros2) StdoutLine: {'line': b'Installing fleet_manager script to /workspace/install/module3_ros2/lib/module3_ros2\n'}
[1.003007] (-) TimerEvent: {}
[1.003056] (module3_ros2) StdoutLine: {'line': b'Installing obstacle_avoider script to /workspace/install/module3_ros2/lib/module3_ros2\n'}
[1.003451] (module3_ros2) StdoutLine: {'line': b'Installing robot_node script to /workspace/install/module3_ros2/lib/module3_ros2\n'}
[1.003601] (module3_ros2) StdoutLine: {'line': b"writing list of installed files to '/workspace/build/module3_ros2/install.log'\n"}
[1.028027] (module3_ros2) CommandEnded: {'returncode': 0}
[1.038452] (module3_ros2) JobEnded: {'identifier': 'module3_ros2', 'rc': 0}
[1.039326] (-) EventReactorShutdown: {}
