[1.141s] Invoking command in '/workspace/module3_ros2': PYTHONPATH=/workspace/build/module3_ros2/prefix_override:/usr/lib/python3/dist-packages/colcon_core/task/python/colcon_distutils_commands:/workspace/install/module3_ros2/lib/python3.10/site-packages:${PYTHONPATH} /usr/bin/python3 -W ignore:setup.py install is deprecated -W ignore:easy_install command is deprecated setup.py egg_info --egg-base ../build/module3_ros2 build --build-base /workspace/build/module3_ros2/build install --record /workspace/build/module3_ros2/install.log --single-version-externally-managed install_data
[1.570s] running egg_info
[1.571s] writing ../build/module3_ros2/module3_ros2.egg-info/PKG-INFO
[1.571s] writing dependency_links to ../build/module3_ros2/module3_ros2.egg-info/dependency_links.txt
[1.572s] writing entry points to ../build/module3_ros2/module3_ros2.egg-info/entry_points.txt
[1.573s] writing requirements to ../build/module3_ros2/module3_ros2.egg-info/requires.txt
[1.573s] writing top-level names to ../build/module3_ros2/module3_ros2.egg-info/top_level.txt
[1.576s] reading manifest file '../build/module3_ros2/module3_ros2.egg-info/SOURCES.txt'
[1.577s] writing manifest file '../build/module3_ros2/module3_ros2.egg-info/SOURCES.txt'
[1.577s] running build
[1.577s] running build_py
[1.578s] running install
[1.579s] running install_lib
[1.581s] running install_data
[1.581s] copying launch/simulation.launch.py -> /workspace/install/module3_ros2/share/module3_ros2/launch
[1.582s] running install_egg_info
[1.584s] removing '/workspace/install/module3_ros2/lib/python3.10/site-packages/module3_ros2-0.1.0-py3.10.egg-info' (and everything under it)
[1.586s] Copying ../build/module3_ros2/module3_ros2.egg-info to /workspace/install/module3_ros2/lib/python3.10/site-packages/module3_ros2-0.1.0-py3.10.egg-info
[1.588s] running install_scripts
[1.622s] Installing fleet_manager script to /workspace/install/module3_ros2/lib/module3_ros2
[1.622s] Installing obstacle_avoider script to /workspace/install/module3_ros2/lib/module3_ros2
[1.622s] Installing robot_node script to /workspace/install/module3_ros2/lib/module3_ros2
[1.623s] writing list of installed files to '/workspace/build/module3_ros2/install.log'
[1.664s] Invoked command in '/workspace/module3_ros2' returned '0': PYTHONPATH=/workspace/build/module3_ros2/prefix_override:/usr/lib/python3/dist-packages/colcon_core/task/python/colcon_distutils_commands:/workspace/install/module3_ros2/lib/python3.10/site-packages:${PYTHONPATH} /usr/bin/python3 -W ignore:setup.py install is deprecated -W ignore:easy_install command is deprecated setup.py egg_info --egg-base ../build/module3_ros2 build --build-base /workspace/build/module3_ros2/build install --record /workspace/build/module3_ros2/install.log --single-version-externally-managed install_data
