[0.000000] (-) TimerEvent: {}
[0.000327] (-) JobUnselected: {'identifier': 'module1_inference'}
[0.000381] (-) JobUnselected: {'identifier': 'module2_middleware'}
[0.000424] (module3_ros2) JobQueued: {'identifier': 'module3_ros2', 'dependencies': OrderedDict()}
[0.000468] (module3_ros2) JobStarted: {'identifier': 'module3_ros2'}
[0.099572] (-) TimerEvent: {}
[0.200266] (-) TimerEvent: {}
[0.300916] (-) TimerEvent: {}
[0.401432] (-) TimerEvent: {}
[0.501966] (-) TimerEvent: {}
[0.602536] (-) TimerEvent: {}
[0.703121] (-) TimerEvent: {}
[0.803787] (-) TimerEvent: {}
[0.904429] (-) TimerEvent: {}
[1.004916] (-) TimerEvent: {}
[1.105365] (-) TimerEvent: {}
[1.205876] (-) TimerEvent: {}
[1.306388] (-) TimerEvent: {}
[1.379909] (module3_ros2) Command: {'cmd': ['/usr/bin/python3', '-W', 'ignore:setup.py install is deprecated', '-W', 'ignore:easy_install command is deprecated', 'setup.py', 'egg_info', '--egg-base', '../build/module3_ros2', 'build', '--build-base', '/workspace/build/module3_ros2/build', 'install', '--record', '/workspace/build/module3_ros2/install.log', '--single-version-externally-managed', 'install_data'], 'cwd': '/workspace/module3_ros2', 'env': {'HOSTNAME': '7a2337827195', 'SHLVL': '1', 'LD_LIBRARY_PATH': '/usr/lib/x86_64-linux-gnu/gazebo-11/plugins:/opt/ros/humble/opt/rviz_ogre_vendor/lib:/opt/ros/humble/lib/x86_64-linux-gnu:/opt/ros/humble/lib', 'HOME': '/root', 'OLDPWD': '/', 'ROS_PYTHON_VERSION': '3', 'WAYLAND_DISPLAY': 'wayland-0', 'ROS_DISTRO': 'humble', '_': '/usr/bin/colcon', 'ROS_VERSION': '2', 'ROS_LOCALHOST_ONLY': '0', 'PATH': '/opt/ros/humble/bin:/usr/local/sbin:/usr/local/bin:/usr/sbin:/usr/bin:/sbin:/bin', 'DISPLAY': ':0', 'LANG': 'C.UTF-8', 'AMENT_PREFIX_PATH': '/opt/ros/humble', 'PWD': '/workspace/build/module3_ros2', 'LC_ALL': 'C.UTF-8', 'PYTHONPATH': '/workspace/build/module3_ros2/prefix_override:/usr/lib/python3/dist-packages/colcon_core/task/python/colcon_distutils_commands:/workspace/install/module3_ros2/lib/python3.10/site-packages:/opt/ros/humble/lib/python3.10/site-packages:/opt/ros/humble/local/lib/python3.10/dist-packages', 'COLCON': '1'}, 'shell': False}
[1.406635] (-) TimerEvent: {}
[1.507006] (-) TimerEvent: {}
[1.607414] (-) TimerEvent: {}
[1.697881] (module3_ros2) StdoutLine: {'line': b'running egg_info\n'}
[1.698819] (module3_ros2) StdoutLine: {'line': b'writing ../build/module3_ros2/module3_ros2.egg-info/PKG-INFO\n'}
[1.699531] (module3_ros2) StdoutLine: {'line': b'writing dependency_links to ../build/module3_ros2/module3_ros2.egg-info/dependency_links.txt\n'}
[1.699936] (module3_ros2) StdoutLine: {'line': b'writing entry points to ../build/module3_ros2/module3_ros2.egg-info/entry_points.txt\n'}
[1.700537] (module3_ros2) StdoutLine: {'line': b'writing requirements to ../build/module3_ros2/module3_ros2.egg-info/requires.txt\n'}
[1.700698] (module3_ros2) StdoutLine: {'line': b'writing top-level names to ../build/module3_ros2/module3_ros2.egg-info/top_level.txt\n'}
[1.702916] (module3_ros2) StdoutLine: {'line': b"reading manifest file '../build/module3_ros2/module3_ros2.egg-info/SOURCES.txt'\n"}
[1.704358] (module3_ros2) StdoutLine: {'line': b"writing manifest file '../build/module3_ros2/module3_ros2.egg-info/SOURCES.txt'\n"}
[1.704934] (module3_ros2) StdoutLine: {'line': b'running build\n'}
[1.705031] (module3_ros2) StdoutLine: {'line': b'running build_py\n'}
[1.705103] (module3_ros2) StdoutLine: {'line': b'copying module3_ros2/obstacle_avoider.py -> /workspace/build/module3_ros2/build/lib/module3_ros2\n'}
[1.705583] (module3_ros2) StdoutLine: {'line': b'copying module3_ros2/inference_pb2_grpc.py -> /workspace/build/module3_ros2/build/lib/module3_ros2\n'}
[1.706043] (module3_ros2) StdoutLine: {'line': b'running install\n'}
[1.706615] (module3_ros2) StdoutLine: {'line': b'running install_lib\n'}
[1.707521] (-) TimerEvent: {}
[1.707918] (module3_ros2) StdoutLine: {'line': b'copying /workspace/build/module3_ros2/build/lib/module3_ros2/obstacle_avoider.py -> /workspace/install/module3_ros2/lib/python3.10/site-packages/module3_ros2\n'}
[1.708716] (module3_ros2) StdoutLine: {'line': b'copying /workspace/build/module3_ros2/build/lib/module3_ros2/inference_pb2_grpc.py -> /workspace/install/module3_ros2/lib/python3.10/site-packages/module3_ros2\n'}
[1.710736] (module3_ros2) StdoutLine: {'line': b'byte-compiling /workspace/install/module3_ros2/lib/python3.10/site-packages/module3_ros2/obstacle_avoider.py to obstacle_avoider.cpython-310.pyc\n'}
[1.713653] (module3_ros2) StdoutLine: {'line': b'byte-compiling /workspace/install/module3_ros2/lib/python3.10/site-packages/module3_ros2/inference_pb2_grpc.py to inference_pb2_grpc.cpython-310.pyc\n'}
[1.714618] (module3_ros2) StdoutLine: {'line': b'running install_data\n'}
[1.715158] (module3_ros2) StdoutLine: {'line': b'copying worlds/obstacle_world.world -> /workspace/install/module3_ros2/share/module3_ros2/worlds\n'}
[1.715323] (module3_ros2) StdoutLine: {'line': b'running install_egg_info\n'}
[1.717546] (module3_ros2) StdoutLine: {'line': b"removing '/workspace/install/module3_ros2/lib/python3.10/site-packages/module3_ros2-0.1.0-py3.10.egg-info' (and everything under it)\n"}
[1.718011] (module3_ros2) StdoutLine: {'line': b'Copying ../build/module3_ros2/module3_ros2.egg-info to /workspace/install/module3_ros2/lib/python3.10/site-packages/module3_ros2-0.1.0-py3.10.egg-info\n'}
[1.719707] (module3_ros2) StdoutLine: {'line': b'running install_scripts\n'}
[1.749140] (module3_ros2) StdoutLine: {'line': b'Installing fleet_manager script to /workspace/install/module3_ros2/lib/module3_ros2\n'}
[1.750047] (module3_ros2) StdoutLine: {'line': b'Installing obstacle_avoider script to /workspace/install/module3_ros2/lib/module3_ros2\n'}
[1.750787] (module3_ros2) StdoutLine: {'line': b'Installing robot_node script to /workspace/install/module3_ros2/lib/module3_ros2\n'}
[1.751018] (module3_ros2) StdoutLine: {'line': b"writing list of installed files to '/workspace/build/module3_ros2/install.log'\n"}
[1.780534] (module3_ros2) CommandEnded: {'returncode': 0}
[1.802405] (module3_ros2) JobEnded: {'identifier': 'module3_ros2', 'rc': 0}
[1.804082] (-) EventReactorShutdown: {}
