[1.057s] Invoking command in '/workspace/module3_ros2': PYTHONPATH=/workspace/build/module3_ros2/prefix_override:/usr/lib/python3/dist-packages/colcon_core/task/python/colcon_distutils_commands:/workspace/install/module3_ros2/lib/python3.10/site-packages:${PYTHONPATH} /usr/bin/python3 -W ignore:setup.py install is deprecated -W ignore:easy_install command is deprecated setup.py egg_info --egg-base ../build/module3_ros2 build --build-base /workspace/build/module3_ros2/build install --record /workspace/build/module3_ros2/install.log --single-version-externally-managed install_data
[1.367s] running egg_info
[1.368s] writing ../build/module3_ros2/module3_ros2.egg-info/PKG-INFO
[1.368s] writing dependency_links to ../build/module3_ros2/module3_ros2.egg-info/dependency_links.txt
[1.369s] writing entry points to ../build/module3_ros2/module3_ros2.egg-info/entry_points.txt
[1.369s] writing requirements to ../build/module3_ros2/module3_ros2.egg-info/requires.txt
[1.369s] writing top-level names to ../build/module3_ros2/module3_ros2.egg-info/top_level.txt
[1.371s] reading manifest file '../build/module3_ros2/module3_ros2.egg-info/SOURCES.txt'
[1.373s] writing manifest file '../build/module3_ros2/module3_ros2.egg-info/SOURCES.txt'
[1.373s] running build
[1.373s] running build_py
[1.374s] copying module3_ros2/inference_pb2_grpc.py -> /workspace/build/module3_ros2/build/lib/module3_ros2
[1.375s] running install
[1.376s] running install_lib
[1.377s] copying /workspace/build/module3_ros2/build/lib/module3_ros2/inference_pb2_grpc.py -> /workspace/install/module3_ros2/lib/python3.10/site-packages/module3_ros2
[1.378s] byte-compiling /workspace/install/module3_ros2/lib/python3.10/site-packages/module3_ros2/inference_pb2_grpc.py to inference_pb2_grpc.cpython-310.pyc
[1.380s] running install_data
[1.380s] copying worlds/obstacle_world.world -> /workspace/install/module3_ros2/share/module3_ros2/worlds
[1.380s] running install_egg_info
[1.384s] removing '/workspace/install/module3_ros2/lib/python3.10/site-packages/module3_ros2-0.1.0-py3.10.egg-info' (and everything under it)
[1.384s] Copying ../build/module3_ros2/module3_ros2.egg-info to /workspace/install/module3_ros2/lib/python3.10/site-packages/module3_ros2-0.1.0-py3.10.egg-info
[1.386s] running install_scripts
[1.420s] Installing fleet_manager script to /workspace/install/module3_ros2/lib/module3_ros2
[1.421s] Installing obstacle_avoider script to /workspace/install/module3_ros2/lib/module3_ros2
[1.421s] Installing robot_node script to /workspace/install/module3_ros2/lib/module3_ros2
[1.421s] writing list of installed files to '/workspace/build/module3_ros2/install.log'
[1.450s] Invoked command in '/workspace/module3_ros2' returned '0': PYTHONPATH=/workspace/build/module3_ros2/prefix_override:/usr/lib/python3/dist-packages/colcon_core/task/python/colcon_distutils_commands:/workspace/install/module3_ros2/lib/python3.10/site-packages:${PYTHONPATH} /usr/bin/python3 -W ignore:setup.py install is deprecated -W ignore:easy_install command is deprecated setup.py egg_info --egg-base ../build/module3_ros2 build --build-base /workspace/build/module3_ros2/build install --record /workspace/build/module3_ros2/install.log --single-version-externally-managed install_data
