/workspace/install/module3_ros2/lib/python3.10/site-packages/module3_ros2/obstacle_avoider.py
/workspace/install/module3_ros2/lib/python3.10/site-packages/module3_ros2/fleet_manager.py
/workspace/install/module3_ros2/lib/python3.10/site-packages/module3_ros2/robot_node.py
/workspace/install/module3_ros2/lib/python3.10/site-packages/module3_ros2/inference_pb2.py
/workspace/install/module3_ros2/lib/python3.10/site-packages/module3_ros2/grpc_client.py
/workspace/install/module3_ros2/lib/python3.10/site-packages/module3_ros2/__init__.py
/workspace/install/module3_ros2/lib/python3.10/site-packages/module3_ros2/inference_pb2_grpc.py
/workspace/install/module3_ros2/lib/python3.10/site-packages/module3_ros2/__pycache__/obstacle_avoider.cpython-310.pyc
/workspace/install/module3_ros2/lib/python3.10/site-packages/module3_ros2/__pycache__/fleet_manager.cpython-310.pyc
/workspace/install/module3_ros2/lib/python3.10/site-packages/module3_ros2/__pycache__/robot_node.cpython-310.pyc
/workspace/install/module3_ros2/lib/python3.10/site-packages/module3_ros2/__pycache__/inference_pb2.cpython-310.pyc
/workspace/install/module3_ros2/lib/python3.10/site-packages/module3_ros2/__pycache__/grpc_client.cpython-310.pyc
/workspace/install/module3_ros2/lib/python3.10/site-packages/module3_ros2/__pycache__/__init__.cpython-310.pyc
/workspace/install/module3_ros2/lib/python3.10/site-packages/module3_ros2/__pycache__/inference_pb2_grpc.cpython-310.pyc
/workspace/install/module3_ros2/share/ament_index/resource_index/packages/module3_ros2
/workspace/install/module3_ros2/share/module3_ros2/package.xml
/workspace/install/module3_ros2/share/module3_ros2/launch/simulation.launch.py
/workspace/install/module3_ros2/share/module3_ros2/worlds/obstacle_world.world
/workspace/install/module3_ros2/lib/python3.10/site-packages/module3_ros2-0.1.0-py3.10.egg-info/top_level.txt
/workspace/install/module3_ros2/lib/python3.10/site-packages/module3_ros2-0.1.0-py3.10.egg-info/dependency_links.txt
/workspace/install/module3_ros2/lib/python3.10/site-packages/module3_ros2-0.1.0-py3.10.egg-info/entry_points.txt
/workspace/install/module3_ros2/lib/python3.10/site-packages/module3_ros2-0.1.0-py3.10.egg-info/SOURCES.txt
/workspace/install/module3_ros2/lib/python3.10/site-packages/module3_ros2-0.1.0-py3.10.egg-info/requires.txt
/workspace/install/module3_ros2/lib/python3.10/site-packages/module3_ros2-0.1.0-py3.10.egg-info/PKG-INFO
/workspace/install/module3_ros2/lib/python3.10/site-packages/module3_ros2-0.1.0-py3.10.egg-info/zip-safe
/workspace/install/module3_ros2/lib/module3_ros2/fleet_manager
/workspace/install/module3_ros2/lib/module3_ros2/obstacle_avoider
/workspace/install/module3_ros2/lib/module3_ros2/robot_node
