[0.000000] (-) TimerEvent: {}
[0.000439] (-) JobUnselected: {'identifier': 'module1_inference'}
[0.000937] (-) JobUnselected: {'identifier': 'module2_middleware'}
[0.001327] (module3_ros2) JobQueued: {'identifier': 'module3_ros2', 'dependencies': OrderedDict()}
[0.001392] (module3_ros2) JobStarted: {'identifier': 'module3_ros2'}
[0.099578] (-) TimerEvent: {}
[0.199919] (-) TimerEvent: {}
[0.300583] (-) TimerEvent: {}
[0.401063] (-) TimerEvent: {}
[0.501426] (-) TimerEvent: {}
[0.601757] (-) TimerEvent: {}
[0.702162] (-) TimerEvent: {}
[0.797012] (module3_ros2) Command: {'cmd': ['/usr/bin/python3', '-W', 'ignore:setup.py install is deprecated', '-W', 'ignore:easy_install command is deprecated', 'setup.py', 'egg_info', '--egg-base', '../build/module3_ros2', 'build', '--build-base', '/workspace/build/module3_ros2/build', 'install', '--record', '/workspace/build/module3_ros2/install.log', '--single-version-externally-managed', 'install_data'], 'cwd': '/workspace/module3_ros2', 'env': {'HOSTNAME': 'e6d27d26c854', 'SHLVL': '1', 'LD_LIBRARY_PATH': '/usr/lib/x86_64-linux-gnu/gazebo-11/plugins:/opt/ros/humble/opt/rviz_ogre_vendor/lib:/opt/ros/humble/lib/x86_64-linux-gnu:/opt/ros/humble/lib', 'HOME': '/root', 'OLDPWD': '/', 'ROS_PYTHON_VERSION': '3', 'WAYLAND_DISPLAY': 'wayland-0', 'ROS_DISTRO': 'humble', '_': '/usr/bin/colcon', 'ROS_VERSION': '2', 'ROS_LOCALHOST_ONLY': '0', 'PATH': '/opt/ros/humble/bin:/usr/local/sbin:/usr/local/bin:/usr/sbin:/usr/bin:/sbin:/bin', 'DISPLAY': ':0', 'LANG': 'C.UTF-8', 'AMENT_PREFIX_PATH': '/opt/ros/humble', 'PWD': '/workspace/build/module3_ros2', 'LC_ALL': 'C.UTF-8', 'PYTHONPATH': '/workspace/build/module3_ros2/prefix_override:/usr/lib/python3/dist-packages/colcon_core/task/python/colcon_distutils_commands:/workspace/install/module3_ros2/lib/python3.10/site-packages:/opt/ros/humble/lib/python3.10/site-packages:/opt/ros/humble/local/lib/python3.10/dist-packages', 'COLCON': '1'}, 'shell': False}
[0.802354] (-) TimerEvent: {}
[0.902661] (-) TimerEvent: {}
[1.003024] (-) TimerEvent: {}
[1.036881] (module3_ros2) StdoutLine: {'line': b'running egg_info\n'}
[1.037419] (module3_ros2) StdoutLine: {'line': b'writing ../build/module3_ros2/module3_ros2.egg-info/PKG-INFO\n'}
[1.037865] (module3_ros2) StdoutLine: {'line': b'writing dependency_links to ../build/module3_ros2/module3_ros2.egg-info/dependency_links.txt\n'}
[1.038229] (module3_ros2) StdoutLine: {'line': b'writing entry points to ../build/module3_ros2/module3_ros2.egg-info/entry_points.txt\n'}
[1.038551] (module3_ros2) StdoutLine: {'line': b'writing requirements to ../build/module3_ros2/module3_ros2.egg-info/requires.txt\n'}
[1.038672] (module3_ros2) StdoutLine: {'line': b'writing top-level names to ../build/module3_ros2/module3_ros2.egg-info/top_level.txt\n'}
[1.040077] (module3_ros2) StdoutLine: {'line': b"reading manifest file '../build/module3_ros2/module3_ros2.egg-info/SOURCES.txt'\n"}
[1.041013] (module3_ros2) StdoutLine: {'line': b"writing manifest file '../build/module3_ros2/module3_ros2.egg-info/SOURCES.txt'\n"}
[1.041137] (module3_ros2) StdoutLine: {'line': b'running build\n'}
[1.041192] (module3_ros2) StdoutLine: {'line': b'running build_py\n'}
[1.041468] (module3_ros2) StdoutLine: {'line': b'copying module3_ros2/inference_pb2.py -> /workspace/build/module3_ros2/build/lib/module3_ros2\n'}
[1.041561] (module3_ros2) StdoutLine: {'line': b'copying module3_ros2/inference_pb2_grpc.py -> /workspace/build/module3_ros2/build/lib/module3_ros2\n'}
[1.041908] (module3_ros2) StdoutLine: {'line': b'running install\n'}
[1.042273] (module3_ros2) StdoutLine: {'line': b'running install_lib\n'}
[1.043192] (module3_ros2) StdoutLine: {'line': b'copying /workspace/build/module3_ros2/build/lib/module3_ros2/inference_pb2.py -> /workspace/install/module3_ros2/lib/python3.10/site-packages/module3_ros2\n'}
[1.043499] (module3_ros2) StdoutLine: {'line': b'copying /workspace/build/module3_ros2/build/lib/module3_ros2/inference_pb2_grpc.py -> /workspace/install/module3_ros2/lib/python3.10/site-packages/module3_ros2\n'}
[1.043931] (module3_ros2) StdoutLine: {'line': b'byte-compiling /workspace/install/module3_ros2/lib/python3.10/site-packages/module3_ros2/inference_pb2.py to inference_pb2.cpython-310.pyc\n'}
[1.044518] (module3_ros2) StdoutLine: {'line': b'byte-compiling /workspace/install/module3_ros2/lib/python3.10/site-packages/module3_ros2/inference_pb2_grpc.py to inference_pb2_grpc.cpython-310.pyc\n'}
[1.045489] (module3_ros2) StdoutLine: {'line': b'running install_data\n'}
[1.045640] (module3_ros2) StdoutLine: {'line': b'copying worlds/obstacle_world.world -> /workspace/install/module3_ros2/share/module3_ros2/worlds\n'}
[1.045924] (module3_ros2) StdoutLine: {'line': b'running install_egg_info\n'}
[1.048108] (module3_ros2) StdoutLine: {'line': b"removing '/workspace/install/module3_ros2/lib/python3.10/site-packages/module3_ros2-0.1.0-py3.10.egg-info' (and everything under it)\n"}
[1.048647] (module3_ros2) StdoutLine: {'line': b'Copying ../build/module3_ros2/module3_ros2.egg-info to /workspace/install/module3_ros2/lib/python3.10/site-packages/module3_ros2-0.1.0-py3.10.egg-info\n'}
[1.049333] (module3_ros2) StdoutLine: {'line': b'running install_scripts\n'}
[1.070449] (module3_ros2) StdoutLine: {'line': b'Installing fleet_manager script to /workspace/install/module3_ros2/lib/module3_ros2\n'}
[1.070781] (module3_ros2) StdoutLine: {'line': b'Installing obstacle_avoider script to /workspace/install/module3_ros2/lib/module3_ros2\n'}
[1.070888] (module3_ros2) StdoutLine: {'line': b'Installing robot_node script to /workspace/install/module3_ros2/lib/module3_ros2\n'}
[1.071269] (module3_ros2) StdoutLine: {'line': b"writing list of installed files to '/workspace/build/module3_ros2/install.log'\n"}
[1.092111] (module3_ros2) CommandEnded: {'returncode': 0}
[1.101346] (module3_ros2) JobEnded: {'identifier': 'module3_ros2', 'rc': 0}
[1.102123] (-) EventReactorShutdown: {}
