[0.000000] (-) TimerEvent: {}
[0.001110] (-) JobUnselected: {'identifier': 'module1_inference'}
[0.001542] (-) JobUnselected: {'identifier': 'module2_middleware'}
[0.001741] (module3_ros2) JobQueued: {'identifier': 'module3_ros2', 'dependencies': OrderedDict()}
[0.001853] (module3_ros2) JobStarted: {'identifier': 'module3_ros2'}
[0.097334] (-) TimerEvent: {}
[0.197730] (-) TimerEvent: {}
[0.298353] (-) TimerEvent: {}
[0.399352] (-) TimerEvent: {}
[0.499736] (-) TimerEvent: {}
[0.600086] (-) TimerEvent: {}
[0.700524] (-) TimerEvent: {}
[0.800882] (-) TimerEvent: {}
[0.901353] (-) TimerEvent: {}
[1.001779] (-) TimerEvent: {}
[1.057017] (module3_ros2) Command: {'cmd': ['/usr/bin/python3', '-W', 'ignore:setup.py install is deprecated', '-W', 'ignore:easy_install command is deprecated', 'setup.py', 'egg_info', '--egg-base', '../build/module3_ros2', 'build', '--build-base', '/workspace/build/module3_ros2/build', 'install', '--record', '/workspace/build/module3_ros2/install.log', '--single-version-externally-managed', 'install_data'], 'cwd': '/workspace/module3_ros2', 'env': {'HOSTNAME': '4c2179d1bb8b', 'SHLVL': '1', 'LD_LIBRARY_PATH': '/usr/lib/x86_64-linux-gnu/gazebo-11/plugins:/opt/ros/humble/opt/rviz_ogre_vendor/lib:/opt/ros/humble/lib/x86_64-linux-gnu:/opt/ros/humble/lib', 'HOME': '/root', 'OLDPWD': '/', 'ROS_PYTHON_VERSION': '3', 'WAYLAND_DISPLAY': 'wayland-0', 'ROS_DISTRO': 'humble', '_': '/usr/bin/colcon', 'ROS_VERSION': '2', 'ROS_LOCALHOST_ONLY': '0', 'PATH': '/opt/ros/humble/bin:/usr/local/sbin:/usr/local/bin:/usr/sbin:/usr/bin:/sbin:/bin', 'DISPLAY': ':0', 'LANG': 'C.UTF-8', 'AMENT_PREFIX_PATH': '/opt/ros/humble', 'PWD': '/workspace/build/module3_ros2', 'LC_ALL': 'C.UTF-8', 'PYTHONPATH': '/workspace/build/module3_ros2/prefix_override:/usr/lib/python3/dist-packages/colcon_core/task/python/colcon_distutils_commands:/workspace/install/module3_ros2/lib/python3.10/site-packages:/opt/ros/humble/lib/python3.10/site-packages:/opt/ros/humble/local/lib/python3.10/dist-packages', 'COLCON': '1'}, 'shell': False}
[1.102019] (-) TimerEvent: {}
[1.202498] (-) TimerEvent: {}
[1.302947] (-) TimerEvent: {}
[1.368409] (module3_ros2) StdoutLine: {'line': b'running egg_info\n'}
[1.369197] (module3_ros2) StdoutLine: {'line': b'writing ../build/module3_ros2/module3_ros2.egg-info/PKG-INFO\n'}
[1.369705] (module3_ros2) StdoutLine: {'line': b'writing dependency_links to ../build/module3_ros2/module3_ros2.egg-info/dependency_links.txt\n'}
[1.370004] (module3_ros2) StdoutLine: {'line': b'writing entry points to ../build/module3_ros2/module3_ros2.egg-info/entry_points.txt\n'}
[1.370463] (module3_ros2) StdoutLine: {'line': b'writing requirements to ../build/module3_ros2/module3_ros2.egg-info/requires.txt\n'}
[1.370557] (module3_ros2) StdoutLine: {'line': b'writing top-level names to ../build/module3_ros2/module3_ros2.egg-info/top_level.txt\n'}
[1.373012] (module3_ros2) StdoutLine: {'line': b"reading manifest file '../build/module3_ros2/module3_ros2.egg-info/SOURCES.txt'\n"}
[1.374600] (module3_ros2) StdoutLine: {'line': b"writing manifest file '../build/module3_ros2/module3_ros2.egg-info/SOURCES.txt'\n"}
[1.374975] (module3_ros2) StdoutLine: {'line': b'running build\n'}
[1.375129] (module3_ros2) StdoutLine: {'line': b'running build_py\n'}
[1.375619] (module3_ros2) StdoutLine: {'line': b'copying module3_ros2/inference_pb2_grpc.py -> /workspace/build/module3_ros2/build/lib/module3_ros2\n'}
[1.376807] (module3_ros2) StdoutLine: {'line': b'running install\n'}
[1.377492] (module3_ros2) StdoutLine: {'line': b'running install_lib\n'}
[1.379127] (module3_ros2) StdoutLine: {'line': b'copying /workspace/build/module3_ros2/build/lib/module3_ros2/inference_pb2_grpc.py -> /workspace/install/module3_ros2/lib/python3.10/site-packages/module3_ros2\n'}
[1.380125] (module3_ros2) StdoutLine: {'line': b'byte-compiling /workspace/install/module3_ros2/lib/python3.10/site-packages/module3_ros2/inference_pb2_grpc.py to inference_pb2_grpc.cpython-310.pyc\n'}
[1.381472] (module3_ros2) StdoutLine: {'line': b'running install_data\n'}
[1.382045] (module3_ros2) StdoutLine: {'line': b'copying worlds/obstacle_world.world -> /workspace/install/module3_ros2/share/module3_ros2/worlds\n'}
[1.382282] (module3_ros2) StdoutLine: {'line': b'running install_egg_info\n'}
[1.385313] (module3_ros2) StdoutLine: {'line': b"removing '/workspace/install/module3_ros2/lib/python3.10/site-packages/module3_ros2-0.1.0-py3.10.egg-info' (and everything under it)\n"}
[1.386012] (module3_ros2) StdoutLine: {'line': b'Copying ../build/module3_ros2/module3_ros2.egg-info to /workspace/install/module3_ros2/lib/python3.10/site-packages/module3_ros2-0.1.0-py3.10.egg-info\n'}
[1.387374] (module3_ros2) StdoutLine: {'line': b'running install_scripts\n'}
[1.403235] (-) TimerEvent: {}
[1.421615] (module3_ros2) StdoutLine: {'line': b'Installing fleet_manager script to /workspace/install/module3_ros2/lib/module3_ros2\n'}
[1.422372] (module3_ros2) StdoutLine: {'line': b'Installing obstacle_avoider script to /workspace/install/module3_ros2/lib/module3_ros2\n'}
[1.422595] (module3_ros2) StdoutLine: {'line': b'Installing robot_node script to /workspace/install/module3_ros2/lib/module3_ros2\n'}
[1.422668] (module3_ros2) StdoutLine: {'line': b"writing list of installed files to '/workspace/build/module3_ros2/install.log'\n"}
[1.451768] (module3_ros2) CommandEnded: {'returncode': 0}
[1.467788] (module3_ros2) JobEnded: {'identifier': 'module3_ros2', 'rc': 0}
[1.469172] (-) EventReactorShutdown: {}
