[0.000000] (-) TimerEvent: {}
[0.000129] (-) JobUnselected: {'identifier': 'module1_inference'}
[0.000636] (-) JobUnselected: {'identifier': 'module2_middleware'}
[0.001141] (module3_ros2) JobQueued: {'identifier': 'module3_ros2', 'dependencies': OrderedDict()}
[0.001393] (module3_ros2) JobStarted: {'identifier': 'module3_ros2'}
[0.098718] (-) TimerEvent: {}
[0.199073] (-) TimerEvent: {}
[0.299424] (-) TimerEvent: {}
[0.401686] (-) TimerEvent: {}
[0.502121] (-) TimerEvent: {}
[0.602465] (-) TimerEvent: {}
[0.702829] (-) TimerEvent: {}
[0.803349] (-) TimerEvent: {}
[0.903699] (-) TimerEvent: {}
[0.963773] (module3_ros2) Command: {'cmd': ['/usr/bin/python3', '-W', 'ignore:setup.py install is deprecated', '-W', 'ignore:easy_install command is deprecated', 'setup.py', 'egg_info', '--egg-base', '../build/module3_ros2', 'build', '--build-base', '/workspace/build/module3_ros2/build', 'install', '--record', '/workspace/build/module3_ros2/install.log', '--single-version-externally-managed', 'install_data'], 'cwd': '/workspace/module3_ros2', 'env': {'HOSTNAME': '270e260fb8fa', 'SHLVL': '1', 'LD_LIBRARY_PATH': '/usr/lib/x86_64-linux-gnu/gazebo-11/plugins:/opt/ros/humble/opt/rviz_ogre_vendor/lib:/opt/ros/humble/lib/x86_64-linux-gnu:/opt/ros/humble/lib', 'HOME': '/root', 'OLDPWD': '/', 'ROS_PYTHON_VERSION': '3', 'WAYLAND_DISPLAY': 'wayland-0', 'ROS_DISTRO': 'humble', '_': '/usr/bin/colcon', 'ROS_VERSION': '2', 'ROS_LOCALHOST_ONLY': '0', 'PATH': '/opt/ros/humble/bin:/usr/local/sbin:/usr/local/bin:/usr/sbin:/usr/bin:/sbin:/bin', 'DISPLAY': ':0', 'LANG': 'C.UTF-8', 'AMENT_PREFIX_PATH': '/opt/ros/humble', 'PWD': '/workspace/build/module3_ros2', 'LC_ALL': 'C.UTF-8', 'PYTHONPATH': '/workspace/build/module3_ros2/prefix_override:/usr/lib/python3/dist-packages/colcon_core/task/python/colcon_distutils_commands:/workspace/install/module3_ros2/lib/python3.10/site-packages:/opt/ros/humble/lib/python3.10/site-packages:/opt/ros/humble/local/lib/python3.10/dist-packages', 'COLCON': '1'}, 'shell': False}
[1.003931] (-) TimerEvent: {}
[1.104273] (-) TimerEvent: {}
[1.184842] (module3_ros2) StdoutLine: {'line': b'running egg_info\n'}
[1.186056] (module3_ros2) StdoutLine: {'line': b'writing ../build/module3_ros2/module3_ros2.egg-info/PKG-INFO\n'}
[1.186572] (module3_ros2) StdoutLine: {'line': b'writing dependency_links to ../build/module3_ros2/module3_ros2.egg-info/dependency_links.txt\n'}
[1.186638] (module3_ros2) StdoutLine: {'line': b'writing entry points to ../build/module3_ros2/module3_ros2.egg-info/entry_points.txt\n'}
[1.186692] (module3_ros2) StdoutLine: {'line': b'writing requirements to ../build/module3_ros2/module3_ros2.egg-info/requires.txt\n'}
[1.186760] (module3_ros2) StdoutLine: {'line': b'writing top-level names to ../build/module3_ros2/module3_ros2.egg-info/top_level.txt\n'}
[1.188006] (module3_ros2) StdoutLine: {'line': b"reading manifest file '../build/module3_ros2/module3_ros2.egg-info/SOURCES.txt'\n"}
[1.188759] (module3_ros2) StdoutLine: {'line': b"writing manifest file '../build/module3_ros2/module3_ros2.egg-info/SOURCES.txt'\n"}
[1.188890] (module3_ros2) StdoutLine: {'line': b'running build\n'}
[1.188944] (module3_ros2) StdoutLine: {'line': b'running build_py\n'}
[1.189217] (module3_ros2) StdoutLine: {'line': b'copying module3_ros2/inference_pb2_grpc.py -> /workspace/build/module3_ros2/build/lib/module3_ros2\n'}
[1.189555] (module3_ros2) StdoutLine: {'line': b'running install\n'}
[1.189967] (module3_ros2) StdoutLine: {'line': b'running install_lib\n'}
[1.191017] (module3_ros2) StdoutLine: {'line': b'copying /workspace/build/module3_ros2/build/lib/module3_ros2/inference_pb2_grpc.py -> /workspace/install/module3_ros2/lib/python3.10/site-packages/module3_ros2\n'}
[1.191613] (module3_ros2) StdoutLine: {'line': b'byte-compiling /workspace/install/module3_ros2/lib/python3.10/site-packages/module3_ros2/inference_pb2_grpc.py to inference_pb2_grpc.cpython-310.pyc\n'}
[1.192623] (module3_ros2) StdoutLine: {'line': b'running install_data\n'}
[1.192735] (module3_ros2) StdoutLine: {'line': b'copying launch/simulation.launch.py -> /workspace/install/module3_ros2/share/module3_ros2/launch\n'}
[1.192982] (module3_ros2) StdoutLine: {'line': b'running install_egg_info\n'}
[1.194864] (module3_ros2) StdoutLine: {'line': b"removing '/workspace/install/module3_ros2/lib/python3.10/site-packages/module3_ros2-0.1.0-py3.10.egg-info' (and everything under it)\n"}
[1.195197] (module3_ros2) StdoutLine: {'line': b'Copying ../build/module3_ros2/module3_ros2.egg-info to /workspace/install/module3_ros2/lib/python3.10/site-packages/module3_ros2-0.1.0-py3.10.egg-info\n'}
[1.196328] (module3_ros2) StdoutLine: {'line': b'running install_scripts\n'}
[1.204578] (-) TimerEvent: {}
[1.216769] (module3_ros2) StdoutLine: {'line': b'Installing fleet_manager script to /workspace/install/module3_ros2/lib/module3_ros2\n'}
[1.217266] (module3_ros2) StdoutLine: {'line': b'Installing obstacle_avoider script to /workspace/install/module3_ros2/lib/module3_ros2\n'}
[1.217718] (module3_ros2) StdoutLine: {'line': b'Installing robot_node script to /workspace/install/module3_ros2/lib/module3_ros2\n'}
[1.217793] (module3_ros2) StdoutLine: {'line': b"writing list of installed files to '/workspace/build/module3_ros2/install.log'\n"}
[1.239392] (module3_ros2) CommandEnded: {'returncode': 0}
[1.250294] (module3_ros2) JobEnded: {'identifier': 'module3_ros2', 'rc': 0}
[1.251132] (-) EventReactorShutdown: {}
