[0.613s] Invoking command in '/workspace/module3_ros2': PYTHONPATH=/workspace/build/module3_ros2/prefix_override:/usr/lib/python3/dist-packages/colcon_core/task/python/colcon_distutils_commands:/workspace/install/module3_ros2/lib/python3.10/site-packages:${PYTHONPATH} /usr/bin/python3 -W ignore:setup.py install is deprecated -W ignore:easy_install command is deprecated setup.py egg_info --egg-base ../build/module3_ros2 build --build-base /workspace/build/module3_ros2/build install --record /workspace/build/module3_ros2/install.log --single-version-externally-managed install_data
[0.801s] running egg_info
[0.801s] writing ../build/module3_ros2/module3_ros2.egg-info/PKG-INFO
[0.801s] writing dependency_links to ../build/module3_ros2/module3_ros2.egg-info/dependency_links.txt
[0.802s] writing entry points to ../build/module3_ros2/module3_ros2.egg-info/entry_points.txt
[0.802s] writing requirements to ../build/module3_ros2/module3_ros2.egg-info/requires.txt
[0.802s] writing top-level names to ../build/module3_ros2/module3_ros2.egg-info/top_level.txt
[0.803s] reading manifest file '../build/module3_ros2/module3_ros2.egg-info/SOURCES.txt'
[0.804s] writing manifest file '../build/module3_ros2/module3_ros2.egg-info/SOURCES.txt'
[0.804s] running build
[0.804s] running build_py
[0.804s] copying module3_ros2/inference_pb2.py -> /workspace/build/module3_ros2/build/lib/module3_ros2
[0.804s] copying module3_ros2/inference_pb2_grpc.py -> /workspace/build/module3_ros2/build/lib/module3_ros2
[0.805s] running install
[0.805s] running install_lib
[0.805s] copying /workspace/build/module3_ros2/build/lib/module3_ros2/inference_pb2.py -> /workspace/install/module3_ros2/lib/python3.10/site-packages/module3_ros2
[0.806s] copying /workspace/build/module3_ros2/build/lib/module3_ros2/inference_pb2_grpc.py -> /workspace/install/module3_ros2/lib/python3.10/site-packages/module3_ros2
[0.806s] byte-compiling /workspace/install/module3_ros2/lib/python3.10/site-packages/module3_ros2/inference_pb2.py to inference_pb2.cpython-310.pyc
[0.807s] byte-compiling /workspace/install/module3_ros2/lib/python3.10/site-packages/module3_ros2/inference_pb2_grpc.py to inference_pb2_grpc.cpython-310.pyc
[0.807s] running install_data
[0.808s] copying launch/simulation.launch.py -> /workspace/install/module3_ros2/share/module3_ros2/launch
[0.808s] running install_egg_info
[0.809s] removing '/workspace/install/module3_ros2/lib/python3.10/site-packages/module3_ros2-0.1.0-py3.10.egg-info' (and everything under it)
[0.809s] Copying ../build/module3_ros2/module3_ros2.egg-info to /workspace/install/module3_ros2/lib/python3.10/site-packages/module3_ros2-0.1.0-py3.10.egg-info
[0.810s] running install_scripts
[0.827s] Installing fleet_manager script to /workspace/install/module3_ros2/lib/module3_ros2
[0.827s] Installing obstacle_avoider script to /workspace/install/module3_ros2/lib/module3_ros2
[0.827s] Installing robot_node script to /workspace/install/module3_ros2/lib/module3_ros2
[0.827s] writing list of installed files to '/workspace/build/module3_ros2/install.log'
[0.862s] Invoked command in '/workspace/module3_ros2' returned '0': PYTHONPATH=/workspace/build/module3_ros2/prefix_override:/usr/lib/python3/dist-packages/colcon_core/task/python/colcon_distutils_commands:/workspace/install/module3_ros2/lib/python3.10/site-packages:${PYTHONPATH} /usr/bin/python3 -W ignore:setup.py install is deprecated -W ignore:easy_install command is deprecated setup.py egg_info --egg-base ../build/module3_ros2 build --build-base /workspace/build/module3_ros2/build install --record /workspace/build/module3_ros2/install.log --single-version-externally-managed install_data
