[0.667s] Invoking command in '/workspace/module3_ros2': PYTHONPATH=/workspace/build/module3_ros2/prefix_override:/usr/lib/python3/dist-packages/colcon_core/task/python/colcon_distutils_commands:/workspace/install/module3_ros2/lib/python3.10/site-packages:${PYTHONPATH} /usr/bin/python3 -W ignore:setup.py install is deprecated -W ignore:easy_install command is deprecated setup.py egg_info --egg-base ../build/module3_ros2 build --build-base /workspace/build/module3_ros2/build install --record /workspace/build/module3_ros2/install.log --single-version-externally-managed install_data
[0.878s] running egg_info
[0.878s] writing ../build/module3_ros2/module3_ros2.egg-info/PKG-INFO
[0.879s] writing dependency_links to ../build/module3_ros2/module3_ros2.egg-info/dependency_links.txt
[0.879s] writing entry points to ../build/module3_ros2/module3_ros2.egg-info/entry_points.txt
[0.879s] writing requirements to ../build/module3_ros2/module3_ros2.egg-info/requires.txt
[0.879s] writing top-level names to ../build/module3_ros2/module3_ros2.egg-info/top_level.txt
[0.881s] reading manifest file '../build/module3_ros2/module3_ros2.egg-info/SOURCES.txt'
[0.882s] writing manifest file '../build/module3_ros2/module3_ros2.egg-info/SOURCES.txt'
[0.882s] running build
[0.882s] running build_py
[0.882s] copying module3_ros2/inference_pb2_grpc.py -> /workspace/build/module3_ros2/build/lib/module3_ros2
[0.882s] running install
[0.883s] running install_lib
[0.884s] copying /workspace/build/module3_ros2/build/lib/module3_ros2/inference_pb2_grpc.py -> /workspace/install/module3_ros2/lib/python3.10/site-packages/module3_ros2
[0.884s] byte-compiling /workspace/install/module3_ros2/lib/python3.10/site-packages/module3_ros2/inference_pb2_grpc.py to inference_pb2_grpc.cpython-310.pyc
[0.885s] running install_data
[0.886s] copying worlds/obstacle_world.world -> /workspace/install/module3_ros2/share/module3_ros2/worlds
[0.886s] running install_egg_info
[0.888s] removing '/workspace/install/module3_ros2/lib/python3.10/site-packages/module3_ros2-0.1.0-py3.10.egg-info' (and everything under it)
[0.888s] Copying ../build/module3_ros2/module3_ros2.egg-info to /workspace/install/module3_ros2/lib/python3.10/site-packages/module3_ros2-0.1.0-py3.10.egg-info
[0.889s] running install_scripts
[0.915s] Installing fleet_manager script to /workspace/install/module3_ros2/lib/module3_ros2
[0.915s] Installing obstacle_avoider script to /workspace/install/module3_ros2/lib/module3_ros2
[0.915s] Installing robot_node script to /workspace/install/module3_ros2/lib/module3_ros2
[0.915s] writing list of installed files to '/workspace/build/module3_ros2/install.log'
[0.936s] Invoked command in '/workspace/module3_ros2' returned '0': PYTHONPATH=/workspace/build/module3_ros2/prefix_override:/usr/lib/python3/dist-packages/colcon_core/task/python/colcon_distutils_commands:/workspace/install/module3_ros2/lib/python3.10/site-packages:${PYTHONPATH} /usr/bin/python3 -W ignore:setup.py install is deprecated -W ignore:easy_install command is deprecated setup.py egg_info --egg-base ../build/module3_ros2 build --build-base /workspace/build/module3_ros2/build install --record /workspace/build/module3_ros2/install.log --single-version-externally-managed install_data
