[0.545s] Invoking command in '/workspace/module3_ros2': PYTHONPATH=/workspace/build/module3_ros2/prefix_override:/usr/lib/python3/dist-packages/colcon_core/task/python/colcon_distutils_commands:/workspace/install/module3_ros2/lib/python3.10/site-packages:${PYTHONPATH} /usr/bin/python3 -W ignore:setup.py install is deprecated -W ignore:easy_install command is deprecated setup.py egg_info --egg-base ../build/module3_ros2 build --build-base /workspace/build/module3_ros2/build install --record /workspace/build/module3_ros2/install.log --single-version-externally-managed install_data
[0.676s] /usr/local/lib/python3.10/dist-packages/setuptools/_distutils/dist.py:287: UserWarning: Unknown distribution option: 'tests_require'
[0.676s]   warnings.warn(msg)
[0.738s] running egg_info
[0.747s] creating ../build/module3_ros2/module3_ros2.egg-info
[0.747s] writing ../build/module3_ros2/module3_ros2.egg-info/PKG-INFO
[0.748s] writing dependency_links to ../build/module3_ros2/module3_ros2.egg-info/dependency_links.txt
[0.748s] writing entry points to ../build/module3_ros2/module3_ros2.egg-info/entry_points.txt
[0.748s] writing requirements to ../build/module3_ros2/module3_ros2.egg-info/requires.txt
[0.748s] writing top-level names to ../build/module3_ros2/module3_ros2.egg-info/top_level.txt
[0.749s] writing manifest file '../build/module3_ros2/module3_ros2.egg-info/SOURCES.txt'
[0.768s] reading manifest file '../build/module3_ros2/module3_ros2.egg-info/SOURCES.txt'
[0.769s] Traceback (most recent call last):
[0.769s]   File "/workspace/module3_ros2/setup.py", line 7, in <module>
[0.769s]     setup(
[0.769s]   File "/usr/local/lib/python3.10/dist-packages/setuptools/__init__.py", line 117, in setup
[0.769s]     return distutils.core.setup(**attrs)  # type: ignore[return-value]
[0.769s]   File "/usr/local/lib/python3.10/dist-packages/setuptools/_distutils/core.py", line 186, in setup
[0.770s]     return run_commands(dist)
[0.770s]   File "/usr/local/lib/python3.10/dist-packages/setuptools/_distutils/core.py", line 202, in run_commands
[0.770s]     dist.run_commands()
[0.770s]   File "/usr/local/lib/python3.10/dist-packages/setuptools/_distutils/dist.py", line 1000, in run_commands
[0.770s]     self.run_command(cmd)
[0.770s]   File "/usr/local/lib/python3.10/dist-packages/setuptools/dist.py", line 1107, in run_command
[0.770s]     super().run_command(command)
[0.770s]   File "/usr/local/lib/python3.10/dist-packages/setuptools/_distutils/dist.py", line 1019, in run_command
[0.770s]     cmd_obj.run()
[0.770s]   File "/usr/local/lib/python3.10/dist-packages/setuptools/command/egg_info.py", line 312, in run
[0.770s]     self.find_sources()
[0.770s]   File "/usr/local/lib/python3.10/dist-packages/setuptools/command/egg_info.py", line 320, in find_sources
[0.770s]     mm.run()
[0.770s]   File "/usr/local/lib/python3.10/dist-packages/setuptools/command/egg_info.py", line 547, in run
[0.770s]     self.prune_file_list()
[0.770s]   File "/usr/local/lib/python3.10/dist-packages/setuptools/command/sdist.py", line 163, in prune_file_list
[0.770s]     super().prune_file_list()
[0.770s]   File "/usr/local/lib/python3.10/dist-packages/setuptools/_distutils/command/sdist.py", line 386, in prune_file_list
[0.770s]     base_dir = self.distribution.get_fullname()
[0.770s]   File "/usr/local/lib/python3.10/dist-packages/setuptools/_core_metadata.py", line 275, in get_fullname
[0.770s]     return _distribution_fullname(self.get_name(), self.get_version())
[0.770s]   File "/usr/local/lib/python3.10/dist-packages/setuptools/_core_metadata.py", line 293, in _distribution_fullname
[0.770s]     canonicalize_version(version, strip_trailing_zero=False),
[0.770s] TypeError: canonicalize_version() got an unexpected keyword argument 'strip_trailing_zero'
[0.794s] Invoked command in '/workspace/module3_ros2' returned '1': PYTHONPATH=/workspace/build/module3_ros2/prefix_override:/usr/lib/python3/dist-packages/colcon_core/task/python/colcon_distutils_commands:/workspace/install/module3_ros2/lib/python3.10/site-packages:${PYTHONPATH} /usr/bin/python3 -W ignore:setup.py install is deprecated -W ignore:easy_install command is deprecated setup.py egg_info --egg-base ../build/module3_ros2 build --build-base /workspace/build/module3_ros2/build install --record /workspace/build/module3_ros2/install.log --single-version-externally-managed install_data
